[0.656s] DEBUG:colcon:Command line arguments: ['/usr/bin/colcon', 'build']
[0.656s] DEBUG:colcon:Parsed command line arguments: Namespace(log_base=None, log_level=None, verb_name='build', build_base='build', install_base='install', merge_install=False, symlink_install=False, test_result_base=None, continue_on_error=False, executor='parallel', parallel_workers=12, event_handlers=None, ignore_user_meta=False, metas=['./colcon.meta'], base_paths=['.'], packages_ignore=None, packages_ignore_regex=None, paths=None, packages_up_to=None, packages_up_to_regex=None, packages_above=None, packages_above_and_dependencies=None, packages_above_depth=None, packages_select_by_dep=None, packages_skip_by_dep=None, packages_skip_up_to=None, packages_select_build_failed=False, packages_skip_build_finished=False, packages_select_test_failures=False, packages_skip_test_passed=False, packages_select=None, packages_skip=None, packages_select_regex=None, packages_skip_regex=None, packages_start=None, packages_end=None, allow_overriding=[], cmake_args=None, cmake_target=None, cmake_target_skip_unavailable=False, cmake_clean_cache=False, cmake_clean_first=False, cmake_force_configure=False, ament_cmake_args=None, catkin_cmake_args=None, catkin_skip_building_tests=False, verb_parser=<colcon_defaults.argument_parser.defaults.DefaultArgumentsDecorator object at 0x7fc0b1f36b90>, verb_extension=<colcon_core.verb.build.BuildVerb object at 0x7fc0b1f7b9d0>, main=<bound method BuildVerb.main of <colcon_core.verb.build.BuildVerb object at 0x7fc0b1f7b9d0>>)
[0.692s] Level 1:colcon.colcon_core.package_discovery:discover_packages(colcon_meta) check parameters
[0.692s] Level 1:colcon.colcon_core.package_discovery:discover_packages(recursive) check parameters
[0.692s] Level 1:colcon.colcon_core.package_discovery:discover_packages(ignore) check parameters
[0.692s] Level 1:colcon.colcon_core.package_discovery:discover_packages(path) check parameters
[0.692s] Level 1:colcon.colcon_core.package_discovery:discover_packages(colcon_meta) discover
[0.692s] Level 1:colcon.colcon_core.package_discovery:discover_packages(recursive) discover
[0.692s] INFO:colcon.colcon_core.package_discovery:Crawling recursively for packages in '/home/devmain/FACULDADE/PIBIC/project_ws'
[0.692s] Level 1:colcon.colcon_core.package_identification:_identify(.) by extensions ['ignore', 'ignore_ament_install']
[0.692s] Level 1:colcon.colcon_core.package_identification:_identify(.) by extension 'ignore'
[0.693s] Level 1:colcon.colcon_core.package_identification:_identify(.) by extension 'ignore_ament_install'
[0.693s] Level 1:colcon.colcon_core.package_identification:_identify(.) by extensions ['colcon_pkg']
[0.693s] Level 1:colcon.colcon_core.package_identification:_identify(.) by extension 'colcon_pkg'
[0.693s] Level 1:colcon.colcon_core.package_identification:_identify(.) by extensions ['colcon_meta']
[0.693s] Level 1:colcon.colcon_core.package_identification:_identify(.) by extension 'colcon_meta'
[0.693s] Level 1:colcon.colcon_core.package_identification:_identify(.) by extensions ['ros']
[0.693s] Level 1:colcon.colcon_core.package_identification:_identify(.) by extension 'ros'
[0.703s] DEBUG:colcon.colcon_core.package_identification:Package '.' with type 'ros.ament_cmake' and name 'gazebo_gz_to_ros2'
[0.703s] Level 1:colcon.colcon_core.package_discovery:discover_packages(recursive) using defaults
[0.703s] Level 1:colcon.colcon_core.package_discovery:discover_packages(ignore) discover
[0.703s] Level 1:colcon.colcon_core.package_discovery:discover_packages(ignore) using defaults
[0.703s] Level 1:colcon.colcon_core.package_discovery:discover_packages(path) discover
[0.703s] Level 1:colcon.colcon_core.package_discovery:discover_packages(path) using defaults
[0.758s] Level 1:colcon.colcon_core.package_discovery:discover_packages(prefix_path) check parameters
[0.758s] Level 1:colcon.colcon_core.package_discovery:discover_packages(prefix_path) discover
[0.777s] DEBUG:colcon.colcon_installed_package_information.package_discovery:Found 295 installed packages in /opt/ros/humble
[0.778s] Level 1:colcon.colcon_core.package_discovery:discover_packages(prefix_path) using defaults
[0.828s] Level 5:colcon.colcon_core.verb:set package 'gazebo_gz_to_ros2' build argument 'cmake_args' from command line to 'None'
[0.828s] Level 5:colcon.colcon_core.verb:set package 'gazebo_gz_to_ros2' build argument 'cmake_target' from command line to 'None'
[0.828s] Level 5:colcon.colcon_core.verb:set package 'gazebo_gz_to_ros2' build argument 'cmake_target_skip_unavailable' from command line to 'False'
[0.828s] Level 5:colcon.colcon_core.verb:set package 'gazebo_gz_to_ros2' build argument 'cmake_clean_cache' from command line to 'False'
[0.828s] Level 5:colcon.colcon_core.verb:set package 'gazebo_gz_to_ros2' build argument 'cmake_clean_first' from command line to 'False'
[0.828s] Level 5:colcon.colcon_core.verb:set package 'gazebo_gz_to_ros2' build argument 'cmake_force_configure' from command line to 'False'
[0.829s] Level 5:colcon.colcon_core.verb:set package 'gazebo_gz_to_ros2' build argument 'ament_cmake_args' from command line to 'None'
[0.829s] Level 5:colcon.colcon_core.verb:set package 'gazebo_gz_to_ros2' build argument 'catkin_cmake_args' from command line to 'None'
[0.829s] Level 5:colcon.colcon_core.verb:set package 'gazebo_gz_to_ros2' build argument 'catkin_skip_building_tests' from command line to 'False'
[0.829s] DEBUG:colcon.colcon_core.verb:Building package 'gazebo_gz_to_ros2' with the following arguments: {'ament_cmake_args': None, 'build_base': '/home/devmain/FACULDADE/PIBIC/project_ws/build/gazebo_gz_to_ros2', 'catkin_cmake_args': None, 'catkin_skip_building_tests': False, 'cmake_args': None, 'cmake_clean_cache': False, 'cmake_clean_first': False, 'cmake_force_configure': False, 'cmake_target': None, 'cmake_target_skip_unavailable': False, 'install_base': '/home/devmain/FACULDADE/PIBIC/project_ws/install/gazebo_gz_to_ros2', 'merge_install': False, 'path': '/home/devmain/FACULDADE/PIBIC/project_ws', 'symlink_install': False, 'test_result_base': None}
[0.835s] INFO:colcon.colcon_core.executor:Executing jobs using 'parallel' executor
[0.841s] DEBUG:colcon.colcon_parallel_executor.executor.parallel:run_until_complete
[0.841s] INFO:colcon.colcon_ros.task.ament_cmake.build:Building ROS package in '/home/devmain/FACULDADE/PIBIC/project_ws' with build type 'ament_cmake'
[0.841s] INFO:colcon.colcon_cmake.task.cmake.build:Building CMake package in '/home/devmain/FACULDADE/PIBIC/project_ws'
[0.852s] INFO:colcon.colcon_core.plugin_system:Skipping extension 'colcon_core.shell.bat': Not used on non-Windows systems
[0.852s] INFO:colcon.colcon_core.shell:Skip shell extension 'powershell' for command environment: Not usable outside of PowerShell
[0.852s] DEBUG:colcon.colcon_core.shell:Skip shell extension 'dsv' for command environment
[0.867s] DEBUG:colcon.colcon_core.event_handler.log_command:Invoking command in '/home/devmain/FACULDADE/PIBIC/project_ws/build/gazebo_gz_to_ros2': CMAKE_PREFIX_PATH=/opt/ros/humble /usr/bin/cmake /home/devmain/FACULDADE/PIBIC/project_ws -DCMAKE_INSTALL_PREFIX=/home/devmain/FACULDADE/PIBIC/project_ws/install/gazebo_gz_to_ros2
[1.323s] DEBUG:colcon.colcon_core.event_handler.log_command:Invoked command in '/home/devmain/FACULDADE/PIBIC/project_ws/build/gazebo_gz_to_ros2' returned '0': CMAKE_PREFIX_PATH=/opt/ros/humble /usr/bin/cmake /home/devmain/FACULDADE/PIBIC/project_ws -DCMAKE_INSTALL_PREFIX=/home/devmain/FACULDADE/PIBIC/project_ws/install/gazebo_gz_to_ros2
[1.324s] DEBUG:colcon.colcon_core.event_handler.log_command:Invoking command in '/home/devmain/FACULDADE/PIBIC/project_ws/build/gazebo_gz_to_ros2': CMAKE_PREFIX_PATH=/opt/ros/humble /usr/bin/cmake --build /home/devmain/FACULDADE/PIBIC/project_ws/build/gazebo_gz_to_ros2 -- -j12 -l12
[1.465s] DEBUG:colcon.colcon_core.event_handler.log_command:Invoked command in '/home/devmain/FACULDADE/PIBIC/project_ws/build/gazebo_gz_to_ros2' returned '0': CMAKE_PREFIX_PATH=/opt/ros/humble /usr/bin/cmake --build /home/devmain/FACULDADE/PIBIC/project_ws/build/gazebo_gz_to_ros2 -- -j12 -l12
[1.482s] DEBUG:colcon.colcon_core.event_handler.log_command:Invoking command in '/home/devmain/FACULDADE/PIBIC/project_ws/build/gazebo_gz_to_ros2': CMAKE_PREFIX_PATH=/opt/ros/humble /usr/bin/cmake --install /home/devmain/FACULDADE/PIBIC/project_ws/build/gazebo_gz_to_ros2
[1.491s] Level 1:colcon.colcon_core.environment:create_environment_scripts_only(gazebo_gz_to_ros2)
[1.492s] DEBUG:colcon.colcon_core.event_handler.log_command:Invoked command in '/home/devmain/FACULDADE/PIBIC/project_ws/build/gazebo_gz_to_ros2' returned '0': CMAKE_PREFIX_PATH=/opt/ros/humble /usr/bin/cmake --install /home/devmain/FACULDADE/PIBIC/project_ws/build/gazebo_gz_to_ros2
[1.502s] Level 1:colcon.colcon_core.environment:checking '/home/devmain/FACULDADE/PIBIC/project_ws/install/gazebo_gz_to_ros2' for CMake module files
[1.502s] Level 1:colcon.colcon_core.environment:checking '/home/devmain/FACULDADE/PIBIC/project_ws/install/gazebo_gz_to_ros2' for CMake config files
[1.502s] Level 1:colcon.colcon_core.shell:create_environment_hook('gazebo_gz_to_ros2', 'cmake_prefix_path')
[1.509s] INFO:colcon.colcon_core.shell:Creating environment hook '/home/devmain/FACULDADE/PIBIC/project_ws/install/gazebo_gz_to_ros2/share/gazebo_gz_to_ros2/hook/cmake_prefix_path.ps1'
[1.509s] INFO:colcon.colcon_core.shell:Creating environment descriptor '/home/devmain/FACULDADE/PIBIC/project_ws/install/gazebo_gz_to_ros2/share/gazebo_gz_to_ros2/hook/cmake_prefix_path.dsv'
[1.510s] INFO:colcon.colcon_core.shell:Creating environment hook '/home/devmain/FACULDADE/PIBIC/project_ws/install/gazebo_gz_to_ros2/share/gazebo_gz_to_ros2/hook/cmake_prefix_path.sh'
[1.510s] Level 1:colcon.colcon_core.environment:checking '/home/devmain/FACULDADE/PIBIC/project_ws/install/gazebo_gz_to_ros2/lib'
[1.510s] Level 1:colcon.colcon_core.environment:checking '/home/devmain/FACULDADE/PIBIC/project_ws/install/gazebo_gz_to_ros2/bin'
[1.510s] Level 1:colcon.colcon_core.environment:checking '/home/devmain/FACULDADE/PIBIC/project_ws/install/gazebo_gz_to_ros2/lib/pkgconfig/gazebo_gz_to_ros2.pc'
[1.510s] Level 1:colcon.colcon_core.environment:checking '/home/devmain/FACULDADE/PIBIC/project_ws/install/gazebo_gz_to_ros2/lib/python3.10/site-packages'
[1.510s] Level 1:colcon.colcon_core.environment:checking '/home/devmain/FACULDADE/PIBIC/project_ws/install/gazebo_gz_to_ros2/bin'
[1.517s] INFO:colcon.colcon_core.shell:Creating package script '/home/devmain/FACULDADE/PIBIC/project_ws/install/gazebo_gz_to_ros2/share/gazebo_gz_to_ros2/package.ps1'
[1.517s] INFO:colcon.colcon_core.shell:Creating package descriptor '/home/devmain/FACULDADE/PIBIC/project_ws/install/gazebo_gz_to_ros2/share/gazebo_gz_to_ros2/package.dsv'
[1.518s] INFO:colcon.colcon_core.shell:Creating package script '/home/devmain/FACULDADE/PIBIC/project_ws/install/gazebo_gz_to_ros2/share/gazebo_gz_to_ros2/package.sh'
[1.518s] INFO:colcon.colcon_core.shell:Creating package script '/home/devmain/FACULDADE/PIBIC/project_ws/install/gazebo_gz_to_ros2/share/gazebo_gz_to_ros2/package.bash'
[1.519s] INFO:colcon.colcon_core.shell:Creating package script '/home/devmain/FACULDADE/PIBIC/project_ws/install/gazebo_gz_to_ros2/share/gazebo_gz_to_ros2/package.zsh'
[1.519s] Level 1:colcon.colcon_core.environment:create_file_with_runtime_dependencies(/home/devmain/FACULDADE/PIBIC/project_ws/install/gazebo_gz_to_ros2/share/colcon-core/packages/gazebo_gz_to_ros2)
[1.537s] Level 1:colcon.colcon_core.environment:create_environment_scripts_only(gazebo_gz_to_ros2)
[1.544s] Level 1:colcon.colcon_core.environment:checking '/home/devmain/FACULDADE/PIBIC/project_ws/install/gazebo_gz_to_ros2' for CMake module files
[1.544s] Level 1:colcon.colcon_core.environment:checking '/home/devmain/FACULDADE/PIBIC/project_ws/install/gazebo_gz_to_ros2' for CMake config files
[1.544s] Level 1:colcon.colcon_core.shell:create_environment_hook('gazebo_gz_to_ros2', 'cmake_prefix_path')
[1.550s] INFO:colcon.colcon_core.shell:Creating environment hook '/home/devmain/FACULDADE/PIBIC/project_ws/install/gazebo_gz_to_ros2/share/gazebo_gz_to_ros2/hook/cmake_prefix_path.ps1'
[1.550s] INFO:colcon.colcon_core.shell:Creating environment descriptor '/home/devmain/FACULDADE/PIBIC/project_ws/install/gazebo_gz_to_ros2/share/gazebo_gz_to_ros2/hook/cmake_prefix_path.dsv'
[1.551s] INFO:colcon.colcon_core.shell:Creating environment hook '/home/devmain/FACULDADE/PIBIC/project_ws/install/gazebo_gz_to_ros2/share/gazebo_gz_to_ros2/hook/cmake_prefix_path.sh'
[1.551s] Level 1:colcon.colcon_core.environment:checking '/home/devmain/FACULDADE/PIBIC/project_ws/install/gazebo_gz_to_ros2/lib'
[1.551s] Level 1:colcon.colcon_core.environment:checking '/home/devmain/FACULDADE/PIBIC/project_ws/install/gazebo_gz_to_ros2/bin'
[1.551s] Level 1:colcon.colcon_core.environment:checking '/home/devmain/FACULDADE/PIBIC/project_ws/install/gazebo_gz_to_ros2/lib/pkgconfig/gazebo_gz_to_ros2.pc'
[1.551s] Level 1:colcon.colcon_core.environment:checking '/home/devmain/FACULDADE/PIBIC/project_ws/install/gazebo_gz_to_ros2/lib/python3.10/site-packages'
[1.551s] Level 1:colcon.colcon_core.environment:checking '/home/devmain/FACULDADE/PIBIC/project_ws/install/gazebo_gz_to_ros2/bin'
[1.557s] INFO:colcon.colcon_core.shell:Creating package script '/home/devmain/FACULDADE/PIBIC/project_ws/install/gazebo_gz_to_ros2/share/gazebo_gz_to_ros2/package.ps1'
[1.557s] INFO:colcon.colcon_core.shell:Creating package descriptor '/home/devmain/FACULDADE/PIBIC/project_ws/install/gazebo_gz_to_ros2/share/gazebo_gz_to_ros2/package.dsv'
[1.558s] INFO:colcon.colcon_core.shell:Creating package script '/home/devmain/FACULDADE/PIBIC/project_ws/install/gazebo_gz_to_ros2/share/gazebo_gz_to_ros2/package.sh'
[1.558s] INFO:colcon.colcon_core.shell:Creating package script '/home/devmain/FACULDADE/PIBIC/project_ws/install/gazebo_gz_to_ros2/share/gazebo_gz_to_ros2/package.bash'
[1.558s] INFO:colcon.colcon_core.shell:Creating package script '/home/devmain/FACULDADE/PIBIC/project_ws/install/gazebo_gz_to_ros2/share/gazebo_gz_to_ros2/package.zsh'
[1.558s] Level 1:colcon.colcon_core.environment:create_file_with_runtime_dependencies(/home/devmain/FACULDADE/PIBIC/project_ws/install/gazebo_gz_to_ros2/share/colcon-core/packages/gazebo_gz_to_ros2)
[1.558s] DEBUG:colcon.colcon_parallel_executor.executor.parallel:closing loop
[1.558s] DEBUG:colcon.colcon_parallel_executor.executor.parallel:loop closed
[1.558s] DEBUG:colcon.colcon_parallel_executor.executor.parallel:run_until_complete finished with '0'
[1.558s] DEBUG:colcon.colcon_core.event_reactor:joining thread
[1.569s] INFO:colcon.colcon_core.plugin_system:Skipping extension 'colcon_notification.desktop_notification.terminal_notifier': Not used on non-Darwin systems
[1.569s] INFO:colcon.colcon_core.plugin_system:Skipping extension 'colcon_notification.desktop_notification.win32': Not used on non-Windows systems
[1.569s] INFO:colcon.colcon_notification.desktop_notification:Sending desktop notification using 'notify2'
[1.584s] DEBUG:colcon.colcon_core.event_reactor:joined thread
[1.604s] INFO:colcon.colcon_core.shell:Creating prefix script '/home/devmain/FACULDADE/PIBIC/project_ws/install/local_setup.ps1'
[1.605s] INFO:colcon.colcon_core.shell:Creating prefix util module '/home/devmain/FACULDADE/PIBIC/project_ws/install/_local_setup_util_ps1.py'
[1.605s] INFO:colcon.colcon_core.shell:Creating prefix chain script '/home/devmain/FACULDADE/PIBIC/project_ws/install/setup.ps1'
[1.612s] INFO:colcon.colcon_core.shell:Creating prefix script '/home/devmain/FACULDADE/PIBIC/project_ws/install/local_setup.sh'
[1.613s] INFO:colcon.colcon_core.shell:Creating prefix util module '/home/devmain/FACULDADE/PIBIC/project_ws/install/_local_setup_util_sh.py'
[1.613s] INFO:colcon.colcon_core.shell:Creating prefix chain script '/home/devmain/FACULDADE/PIBIC/project_ws/install/setup.sh'
[1.620s] INFO:colcon.colcon_core.shell:Creating prefix script '/home/devmain/FACULDADE/PIBIC/project_ws/install/local_setup.bash'
[1.621s] INFO:colcon.colcon_core.shell:Creating prefix chain script '/home/devmain/FACULDADE/PIBIC/project_ws/install/setup.bash'
[1.627s] INFO:colcon.colcon_core.shell:Creating prefix script '/home/devmain/FACULDADE/PIBIC/project_ws/install/local_setup.zsh'
[1.628s] INFO:colcon.colcon_core.shell:Creating prefix chain script '/home/devmain/FACULDADE/PIBIC/project_ws/install/setup.zsh'
